2019-12-02 22:44:29,978 INFO model.server.Server [main] The server is running on port: 9001 
2019-12-02 22:44:30,041 DEBUG io.netty.util.internal.logging.InternalLoggerFactory [main] Using SLF4J as the default logging framework 
2019-12-02 22:44:30,049 DEBUG io.netty.channel.MultithreadEventLoopGroup [main] -Dio.netty.eventLoopThreads: 8 
2019-12-02 22:44:30,099 DEBUG io.netty.channel.nio.NioEventLoop [main] -Dio.netty.noKeySetOptimization: false 
2019-12-02 22:44:30,100 DEBUG io.netty.channel.nio.NioEventLoop [main] -Dio.netty.selectorAutoRebuildThreshold: 512 
2019-12-02 22:44:30,133 DEBUG io.netty.util.internal.PlatformDependent [main] Platform: Windows 
2019-12-02 22:44:30,136 DEBUG io.netty.util.internal.PlatformDependent0 [main] -Dio.netty.noUnsafe: false 
2019-12-02 22:44:30,137 DEBUG io.netty.util.internal.PlatformDependent0 [main] Java version: 8 
2019-12-02 22:44:30,138 DEBUG io.netty.util.internal.PlatformDependent0 [main] sun.misc.Unsafe.theUnsafe: available 
2019-12-02 22:44:30,140 DEBUG io.netty.util.internal.PlatformDependent0 [main] sun.misc.Unsafe.copyMemory: available 
2019-12-02 22:44:30,140 DEBUG io.netty.util.internal.PlatformDependent0 [main] java.nio.Buffer.address: available 
2019-12-02 22:44:30,142 DEBUG io.netty.util.internal.PlatformDependent0 [main] direct buffer constructor: available 
2019-12-02 22:44:30,143 DEBUG io.netty.util.internal.PlatformDependent0 [main] java.nio.Bits.unaligned: available, true 
2019-12-02 22:44:30,144 DEBUG io.netty.util.internal.PlatformDependent0 [main] jdk.internal.misc.Unsafe.allocateUninitializedArray(int): unavailable prior to Java9 
2019-12-02 22:44:30,144 DEBUG io.netty.util.internal.PlatformDependent0 [main] java.nio.DirectByteBuffer.<init>(long, int): available 
2019-12-02 22:44:30,144 DEBUG io.netty.util.internal.PlatformDependent [main] sun.misc.Unsafe: available 
2019-12-02 22:44:30,145 DEBUG io.netty.util.internal.PlatformDependent [main] -Dio.netty.tmpdir: C:\Users\Asus\AppData\Local\Temp (java.io.tmpdir) 
2019-12-02 22:44:30,145 DEBUG io.netty.util.internal.PlatformDependent [main] -Dio.netty.bitMode: 64 (sun.arch.data.model) 
2019-12-02 22:44:30,147 DEBUG io.netty.util.internal.PlatformDependent [main] -Dio.netty.maxDirectMemory: 1883242496 bytes 
2019-12-02 22:44:30,147 DEBUG io.netty.util.internal.PlatformDependent [main] -Dio.netty.uninitializedArrayAllocationThreshold: -1 
2019-12-02 22:44:30,149 DEBUG io.netty.util.internal.CleanerJava6 [main] java.nio.ByteBuffer.cleaner(): available 
2019-12-02 22:44:30,149 DEBUG io.netty.util.internal.PlatformDependent [main] -Dio.netty.noPreferDirect: false 
2019-12-02 22:44:30,163 DEBUG io.netty.util.internal.PlatformDependent [main] org.jctools-core.MpscChunkedArrayQueue: available 
2019-12-02 22:44:30,965 TRACE io.netty.channel.nio.NioEventLoop [main] instrumented a special java.util.Set into: sun.nio.ch.WindowsSelectorImpl@22eeefeb 
2019-12-02 22:44:30,967 TRACE io.netty.channel.nio.NioEventLoop [main] instrumented a special java.util.Set into: sun.nio.ch.WindowsSelectorImpl@78ac1102 
2019-12-02 22:44:30,969 TRACE io.netty.channel.nio.NioEventLoop [main] instrumented a special java.util.Set into: sun.nio.ch.WindowsSelectorImpl@2de8284b 
2019-12-02 22:44:30,970 TRACE io.netty.channel.nio.NioEventLoop [main] instrumented a special java.util.Set into: sun.nio.ch.WindowsSelectorImpl@396e2f39 
2019-12-02 22:44:30,972 TRACE io.netty.channel.nio.NioEventLoop [main] instrumented a special java.util.Set into: sun.nio.ch.WindowsSelectorImpl@a74868d 
2019-12-02 22:44:30,973 TRACE io.netty.channel.nio.NioEventLoop [main] instrumented a special java.util.Set into: sun.nio.ch.WindowsSelectorImpl@12c8a2c0 
2019-12-02 22:44:30,974 TRACE io.netty.channel.nio.NioEventLoop [main] instrumented a special java.util.Set into: sun.nio.ch.WindowsSelectorImpl@7e0e6aa2 
2019-12-02 22:44:30,976 TRACE io.netty.channel.nio.NioEventLoop [main] instrumented a special java.util.Set into: sun.nio.ch.WindowsSelectorImpl@365185bd 
2019-12-02 22:44:31,015 DEBUG io.netty.channel.DefaultChannelId [main] -Dio.netty.processId: 14064 (auto-detected) 
2019-12-02 22:44:31,020 DEBUG io.netty.util.NetUtil [main] -Djava.net.preferIPv4Stack: false 
2019-12-02 22:44:31,020 DEBUG io.netty.util.NetUtil [main] -Djava.net.preferIPv6Addresses: false 
2019-12-02 22:44:31,457 DEBUG io.netty.util.NetUtil [main] Loopback interface: lo (Software Loopback Interface 1, 127.0.0.1) 
2019-12-02 22:44:31,458 DEBUG io.netty.util.NetUtil [main] Failed to get SOMAXCONN from sysctl and file \proc\sys\net\core\somaxconn. Default: 200 
2019-12-02 22:44:31,888 DEBUG io.netty.channel.DefaultChannelId [main] -Dio.netty.machineId: 00:50:56:ff:fe:c0:00:08 (auto-detected) 
2019-12-02 22:44:31,901 DEBUG io.netty.util.internal.InternalThreadLocalMap [main] -Dio.netty.threadLocalMap.stringBuilder.initialSize: 1024 
2019-12-02 22:44:31,901 DEBUG io.netty.util.internal.InternalThreadLocalMap [main] -Dio.netty.threadLocalMap.stringBuilder.maxSize: 4096 
2019-12-02 22:44:31,915 DEBUG io.netty.util.ResourceLeakDetector [main] -Dio.netty.leakDetection.level: simple 
2019-12-02 22:44:31,915 DEBUG io.netty.util.ResourceLeakDetector [main] -Dio.netty.leakDetection.targetRecords: 4 
2019-12-02 22:44:31,945 DEBUG io.netty.buffer.PooledByteBufAllocator [main] -Dio.netty.allocator.numHeapArenas: 8 
2019-12-02 22:44:31,945 DEBUG io.netty.buffer.PooledByteBufAllocator [main] -Dio.netty.allocator.numDirectArenas: 8 
2019-12-02 22:44:31,945 DEBUG io.netty.buffer.PooledByteBufAllocator [main] -Dio.netty.allocator.pageSize: 8192 
2019-12-02 22:44:31,945 DEBUG io.netty.buffer.PooledByteBufAllocator [main] -Dio.netty.allocator.maxOrder: 11 
2019-12-02 22:44:31,945 DEBUG io.netty.buffer.PooledByteBufAllocator [main] -Dio.netty.allocator.chunkSize: 16777216 
2019-12-02 22:44:31,945 DEBUG io.netty.buffer.PooledByteBufAllocator [main] -Dio.netty.allocator.tinyCacheSize: 512 
2019-12-02 22:44:31,945 DEBUG io.netty.buffer.PooledByteBufAllocator [main] -Dio.netty.allocator.smallCacheSize: 256 
2019-12-02 22:44:31,945 DEBUG io.netty.buffer.PooledByteBufAllocator [main] -Dio.netty.allocator.normalCacheSize: 64 
2019-12-02 22:44:31,945 DEBUG io.netty.buffer.PooledByteBufAllocator [main] -Dio.netty.allocator.maxCachedBufferCapacity: 32768 
2019-12-02 22:44:31,945 DEBUG io.netty.buffer.PooledByteBufAllocator [main] -Dio.netty.allocator.cacheTrimInterval: 8192 
2019-12-02 22:44:31,945 DEBUG io.netty.buffer.PooledByteBufAllocator [main] -Dio.netty.allocator.useCacheForAllThreads: true 
2019-12-02 22:44:31,956 DEBUG io.netty.buffer.ByteBufUtil [main] -Dio.netty.allocator.type: pooled 
2019-12-02 22:44:31,956 DEBUG io.netty.buffer.ByteBufUtil [main] -Dio.netty.threadLocalDirectBufferSize: 0 
2019-12-02 22:44:31,956 DEBUG io.netty.buffer.ByteBufUtil [main] -Dio.netty.maxThreadLocalCharBufferSize: 16384 
2019-12-02 22:46:50,435 DEBUG io.netty.util.internal.logging.InternalLoggerFactory [main] Using SLF4J as the default logging framework 
2019-12-02 22:46:50,439 DEBUG io.netty.channel.MultithreadEventLoopGroup [main] -Dio.netty.eventLoopThreads: 8 
2019-12-02 22:46:50,468 DEBUG io.netty.channel.nio.NioEventLoop [main] -Dio.netty.noKeySetOptimization: false 
2019-12-02 22:46:50,468 DEBUG io.netty.channel.nio.NioEventLoop [main] -Dio.netty.selectorAutoRebuildThreshold: 512 
2019-12-02 22:46:50,486 DEBUG io.netty.util.internal.PlatformDependent [main] Platform: Windows 
2019-12-02 22:46:50,487 DEBUG io.netty.util.internal.PlatformDependent0 [main] -Dio.netty.noUnsafe: false 
2019-12-02 22:46:50,487 DEBUG io.netty.util.internal.PlatformDependent0 [main] Java version: 8 
2019-12-02 22:46:50,488 DEBUG io.netty.util.internal.PlatformDependent0 [main] sun.misc.Unsafe.theUnsafe: available 
2019-12-02 22:46:50,489 DEBUG io.netty.util.internal.PlatformDependent0 [main] sun.misc.Unsafe.copyMemory: available 
2019-12-02 22:46:50,489 DEBUG io.netty.util.internal.PlatformDependent0 [main] java.nio.Buffer.address: available 
2019-12-02 22:46:50,490 DEBUG io.netty.util.internal.PlatformDependent0 [main] direct buffer constructor: available 
2019-12-02 22:46:50,491 DEBUG io.netty.util.internal.PlatformDependent0 [main] java.nio.Bits.unaligned: available, true 
2019-12-02 22:46:50,491 DEBUG io.netty.util.internal.PlatformDependent0 [main] jdk.internal.misc.Unsafe.allocateUninitializedArray(int): unavailable prior to Java9 
2019-12-02 22:46:50,491 DEBUG io.netty.util.internal.PlatformDependent0 [main] java.nio.DirectByteBuffer.<init>(long, int): available 
2019-12-02 22:46:50,491 DEBUG io.netty.util.internal.PlatformDependent [main] sun.misc.Unsafe: available 
2019-12-02 22:46:50,492 DEBUG io.netty.util.internal.PlatformDependent [main] -Dio.netty.tmpdir: C:\Users\Asus\AppData\Local\Temp (java.io.tmpdir) 
2019-12-02 22:46:50,492 DEBUG io.netty.util.internal.PlatformDependent [main] -Dio.netty.bitMode: 64 (sun.arch.data.model) 
2019-12-02 22:46:50,493 DEBUG io.netty.util.internal.PlatformDependent [main] -Dio.netty.maxDirectMemory: 1883242496 bytes 
2019-12-02 22:46:50,493 DEBUG io.netty.util.internal.PlatformDependent [main] -Dio.netty.uninitializedArrayAllocationThreshold: -1 
2019-12-02 22:46:50,494 DEBUG io.netty.util.internal.CleanerJava6 [main] java.nio.ByteBuffer.cleaner(): available 
2019-12-02 22:46:50,494 DEBUG io.netty.util.internal.PlatformDependent [main] -Dio.netty.noPreferDirect: false 
2019-12-02 22:46:50,504 DEBUG io.netty.util.internal.PlatformDependent [main] org.jctools-core.MpscChunkedArrayQueue: available 
2019-12-02 22:46:50,894 TRACE io.netty.channel.nio.NioEventLoop [main] instrumented a special java.util.Set into: sun.nio.ch.WindowsSelectorImpl@2a70a3d8 
2019-12-02 22:46:50,895 TRACE io.netty.channel.nio.NioEventLoop [main] instrumented a special java.util.Set into: sun.nio.ch.WindowsSelectorImpl@17d0685f 
2019-12-02 22:46:50,896 TRACE io.netty.channel.nio.NioEventLoop [main] instrumented a special java.util.Set into: sun.nio.ch.WindowsSelectorImpl@3891771e 
2019-12-02 22:46:50,897 TRACE io.netty.channel.nio.NioEventLoop [main] instrumented a special java.util.Set into: sun.nio.ch.WindowsSelectorImpl@78ac1102 
2019-12-02 22:46:50,898 TRACE io.netty.channel.nio.NioEventLoop [main] instrumented a special java.util.Set into: sun.nio.ch.WindowsSelectorImpl@2de8284b 
2019-12-02 22:46:50,899 TRACE io.netty.channel.nio.NioEventLoop [main] instrumented a special java.util.Set into: sun.nio.ch.WindowsSelectorImpl@396e2f39 
2019-12-02 22:46:50,901 TRACE io.netty.channel.nio.NioEventLoop [main] instrumented a special java.util.Set into: sun.nio.ch.WindowsSelectorImpl@a74868d 
2019-12-02 22:46:50,902 TRACE io.netty.channel.nio.NioEventLoop [main] instrumented a special java.util.Set into: sun.nio.ch.WindowsSelectorImpl@12c8a2c0 
2019-12-02 22:46:50,924 DEBUG io.netty.channel.DefaultChannelId [main] -Dio.netty.processId: 8124 (auto-detected) 
2019-12-02 22:46:50,927 DEBUG io.netty.util.NetUtil [main] -Djava.net.preferIPv4Stack: false 
2019-12-02 22:46:50,927 DEBUG io.netty.util.NetUtil [main] -Djava.net.preferIPv6Addresses: false 
2019-12-02 22:46:51,249 DEBUG io.netty.util.NetUtil [main] Loopback interface: lo (Software Loopback Interface 1, 127.0.0.1) 
2019-12-02 22:46:51,249 DEBUG io.netty.util.NetUtil [main] Failed to get SOMAXCONN from sysctl and file \proc\sys\net\core\somaxconn. Default: 200 
2019-12-02 22:46:51,632 DEBUG io.netty.channel.DefaultChannelId [main] -Dio.netty.machineId: 00:50:56:ff:fe:c0:00:08 (auto-detected) 
2019-12-02 22:46:51,637 DEBUG io.netty.util.internal.InternalThreadLocalMap [main] -Dio.netty.threadLocalMap.stringBuilder.initialSize: 1024 
2019-12-02 22:46:51,637 DEBUG io.netty.util.internal.InternalThreadLocalMap [main] -Dio.netty.threadLocalMap.stringBuilder.maxSize: 4096 
2019-12-02 22:46:51,644 DEBUG io.netty.util.ResourceLeakDetector [main] -Dio.netty.leakDetection.level: simple 
2019-12-02 22:46:51,645 DEBUG io.netty.util.ResourceLeakDetector [main] -Dio.netty.leakDetection.targetRecords: 4 
2019-12-02 22:46:51,666 DEBUG io.netty.buffer.PooledByteBufAllocator [main] -Dio.netty.allocator.numHeapArenas: 8 
2019-12-02 22:46:51,666 DEBUG io.netty.buffer.PooledByteBufAllocator [main] -Dio.netty.allocator.numDirectArenas: 8 
2019-12-02 22:46:51,666 DEBUG io.netty.buffer.PooledByteBufAllocator [main] -Dio.netty.allocator.pageSize: 8192 
2019-12-02 22:46:51,666 DEBUG io.netty.buffer.PooledByteBufAllocator [main] -Dio.netty.allocator.maxOrder: 11 
2019-12-02 22:46:51,666 DEBUG io.netty.buffer.PooledByteBufAllocator [main] -Dio.netty.allocator.chunkSize: 16777216 
2019-12-02 22:46:51,666 DEBUG io.netty.buffer.PooledByteBufAllocator [main] -Dio.netty.allocator.tinyCacheSize: 512 
2019-12-02 22:46:51,667 DEBUG io.netty.buffer.PooledByteBufAllocator [main] -Dio.netty.allocator.smallCacheSize: 256 
2019-12-02 22:46:51,667 DEBUG io.netty.buffer.PooledByteBufAllocator [main] -Dio.netty.allocator.normalCacheSize: 64 
2019-12-02 22:46:51,667 DEBUG io.netty.buffer.PooledByteBufAllocator [main] -Dio.netty.allocator.maxCachedBufferCapacity: 32768 
2019-12-02 22:46:51,667 DEBUG io.netty.buffer.PooledByteBufAllocator [main] -Dio.netty.allocator.cacheTrimInterval: 8192 
2019-12-02 22:46:51,667 DEBUG io.netty.buffer.PooledByteBufAllocator [main] -Dio.netty.allocator.useCacheForAllThreads: true 
2019-12-02 22:46:51,673 DEBUG io.netty.buffer.ByteBufUtil [main] -Dio.netty.allocator.type: pooled 
2019-12-02 22:46:51,674 DEBUG io.netty.buffer.ByteBufUtil [main] -Dio.netty.threadLocalDirectBufferSize: 0 
2019-12-02 22:46:51,674 DEBUG io.netty.buffer.ByteBufUtil [main] -Dio.netty.maxThreadLocalCharBufferSize: 16384 
2019-12-02 22:46:51,715 DEBUG io.netty.buffer.AbstractByteBuf [nioEventLoopGroup-2-2] -Dio.netty.buffer.checkAccessible: true 
2019-12-02 22:46:51,715 DEBUG io.netty.buffer.AbstractByteBuf [nioEventLoopGroup-2-2] -Dio.netty.buffer.checkBounds: true 
2019-12-02 22:46:51,716 DEBUG io.netty.util.ResourceLeakDetectorFactory [nioEventLoopGroup-2-2] Loaded default ResourceLeakDetector: io.netty.util.ResourceLeakDetector@3bd0942f 
2019-12-02 22:46:51,721 DEBUG io.netty.util.Recycler [nioEventLoopGroup-2-2] -Dio.netty.recycler.maxCapacityPerThread: 4096 
2019-12-02 22:46:51,721 DEBUG io.netty.util.Recycler [nioEventLoopGroup-2-2] -Dio.netty.recycler.maxSharedCapacityFactor: 2 
2019-12-02 22:46:51,721 DEBUG io.netty.util.Recycler [nioEventLoopGroup-2-2] -Dio.netty.recycler.linkCapacity: 16 
2019-12-02 22:46:51,721 DEBUG io.netty.util.Recycler [nioEventLoopGroup-2-2] -Dio.netty.recycler.ratio: 8 
2019-12-02 22:46:51,737 DEBUG io.netty.util.Recycler [nioEventLoopGroup-2-1] -Dio.netty.recycler.maxCapacityPerThread: 4096 
2019-12-02 22:46:51,737 DEBUG io.netty.util.Recycler [nioEventLoopGroup-2-1] -Dio.netty.recycler.maxSharedCapacityFactor: 2 
2019-12-02 22:46:51,737 DEBUG io.netty.util.Recycler [nioEventLoopGroup-2-1] -Dio.netty.recycler.linkCapacity: 16 
2019-12-02 22:46:51,737 DEBUG io.netty.util.Recycler [nioEventLoopGroup-2-1] -Dio.netty.recycler.ratio: 8 
2019-12-02 22:46:51,744 DEBUG io.netty.buffer.AbstractByteBuf [nioEventLoopGroup-2-1] -Dio.netty.buffer.checkAccessible: true 
2019-12-02 22:46:51,744 DEBUG io.netty.buffer.AbstractByteBuf [nioEventLoopGroup-2-1] -Dio.netty.buffer.checkBounds: true 
2019-12-02 22:46:51,745 DEBUG io.netty.util.ResourceLeakDetectorFactory [nioEventLoopGroup-2-1] Loaded default ResourceLeakDetector: io.netty.util.ResourceLeakDetector@481a7cd2 
2019-12-02 22:46:51,757 INFO model.server.ServerHandler [nioEventLoopGroup-2-2] Client with name ( client_Mary ) is connected! 
2019-12-02 22:46:51,757 INFO model.server.ServerHandler [nioEventLoopGroup-2-2] Send string: "String 5" to: client_Mary 
2019-12-02 22:46:51,758 INFO model.client.ClientHandler [nioEventLoopGroup-2-1] Send self name to server. 
2019-12-02 22:46:51,758 INFO model.client.ClientHandler [nioEventLoopGroup-2-1] client_Mary got message "String 5" from server. 
2019-12-02 22:46:59,649 DEBUG io.netty.util.internal.logging.InternalLoggerFactory [main] Using SLF4J as the default logging framework 
2019-12-02 22:46:59,652 DEBUG io.netty.channel.MultithreadEventLoopGroup [main] -Dio.netty.eventLoopThreads: 8 
2019-12-02 22:46:59,677 DEBUG io.netty.channel.nio.NioEventLoop [main] -Dio.netty.noKeySetOptimization: false 
2019-12-02 22:46:59,677 DEBUG io.netty.channel.nio.NioEventLoop [main] -Dio.netty.selectorAutoRebuildThreshold: 512 
2019-12-02 22:46:59,696 DEBUG io.netty.util.internal.PlatformDependent [main] Platform: Windows 
2019-12-02 22:46:59,697 DEBUG io.netty.util.internal.PlatformDependent0 [main] -Dio.netty.noUnsafe: false 
2019-12-02 22:46:59,697 DEBUG io.netty.util.internal.PlatformDependent0 [main] Java version: 8 
2019-12-02 22:46:59,698 DEBUG io.netty.util.internal.PlatformDependent0 [main] sun.misc.Unsafe.theUnsafe: available 
2019-12-02 22:46:59,699 DEBUG io.netty.util.internal.PlatformDependent0 [main] sun.misc.Unsafe.copyMemory: available 
2019-12-02 22:46:59,699 DEBUG io.netty.util.internal.PlatformDependent0 [main] java.nio.Buffer.address: available 
2019-12-02 22:46:59,700 DEBUG io.netty.util.internal.PlatformDependent0 [main] direct buffer constructor: available 
2019-12-02 22:46:59,700 DEBUG io.netty.util.internal.PlatformDependent0 [main] java.nio.Bits.unaligned: available, true 
2019-12-02 22:46:59,700 DEBUG io.netty.util.internal.PlatformDependent0 [main] jdk.internal.misc.Unsafe.allocateUninitializedArray(int): unavailable prior to Java9 
2019-12-02 22:46:59,700 DEBUG io.netty.util.internal.PlatformDependent0 [main] java.nio.DirectByteBuffer.<init>(long, int): available 
2019-12-02 22:46:59,700 DEBUG io.netty.util.internal.PlatformDependent [main] sun.misc.Unsafe: available 
2019-12-02 22:46:59,701 DEBUG io.netty.util.internal.PlatformDependent [main] -Dio.netty.tmpdir: C:\Users\Asus\AppData\Local\Temp (java.io.tmpdir) 
2019-12-02 22:46:59,701 DEBUG io.netty.util.internal.PlatformDependent [main] -Dio.netty.bitMode: 64 (sun.arch.data.model) 
2019-12-02 22:46:59,702 DEBUG io.netty.util.internal.PlatformDependent [main] -Dio.netty.maxDirectMemory: 1883242496 bytes 
2019-12-02 22:46:59,702 DEBUG io.netty.util.internal.PlatformDependent [main] -Dio.netty.uninitializedArrayAllocationThreshold: -1 
2019-12-02 22:46:59,703 DEBUG io.netty.util.internal.CleanerJava6 [main] java.nio.ByteBuffer.cleaner(): available 
2019-12-02 22:46:59,704 DEBUG io.netty.util.internal.PlatformDependent [main] -Dio.netty.noPreferDirect: false 
2019-12-02 22:46:59,711 DEBUG io.netty.util.internal.PlatformDependent [main] org.jctools-core.MpscChunkedArrayQueue: available 
2019-12-02 22:47:00,122 TRACE io.netty.channel.nio.NioEventLoop [main] instrumented a special java.util.Set into: sun.nio.ch.WindowsSelectorImpl@2a70a3d8 
2019-12-02 22:47:00,124 TRACE io.netty.channel.nio.NioEventLoop [main] instrumented a special java.util.Set into: sun.nio.ch.WindowsSelectorImpl@17d0685f 
2019-12-02 22:47:00,125 TRACE io.netty.channel.nio.NioEventLoop [main] instrumented a special java.util.Set into: sun.nio.ch.WindowsSelectorImpl@3891771e 
2019-12-02 22:47:00,126 TRACE io.netty.channel.nio.NioEventLoop [main] instrumented a special java.util.Set into: sun.nio.ch.WindowsSelectorImpl@78ac1102 
2019-12-02 22:47:00,127 TRACE io.netty.channel.nio.NioEventLoop [main] instrumented a special java.util.Set into: sun.nio.ch.WindowsSelectorImpl@2de8284b 
2019-12-02 22:47:00,130 TRACE io.netty.channel.nio.NioEventLoop [main] instrumented a special java.util.Set into: sun.nio.ch.WindowsSelectorImpl@396e2f39 
2019-12-02 22:47:00,130 TRACE io.netty.channel.nio.NioEventLoop [main] instrumented a special java.util.Set into: sun.nio.ch.WindowsSelectorImpl@a74868d 
2019-12-02 22:47:00,132 TRACE io.netty.channel.nio.NioEventLoop [main] instrumented a special java.util.Set into: sun.nio.ch.WindowsSelectorImpl@12c8a2c0 
2019-12-02 22:47:00,154 DEBUG io.netty.channel.DefaultChannelId [main] -Dio.netty.processId: 11116 (auto-detected) 
2019-12-02 22:47:00,156 DEBUG io.netty.util.NetUtil [main] -Djava.net.preferIPv4Stack: false 
2019-12-02 22:47:00,156 DEBUG io.netty.util.NetUtil [main] -Djava.net.preferIPv6Addresses: false 
2019-12-02 22:47:00,532 DEBUG io.netty.util.NetUtil [main] Loopback interface: lo (Software Loopback Interface 1, 127.0.0.1) 
2019-12-02 22:47:00,533 DEBUG io.netty.util.NetUtil [main] Failed to get SOMAXCONN from sysctl and file \proc\sys\net\core\somaxconn. Default: 200 
2019-12-02 22:47:00,918 DEBUG io.netty.channel.DefaultChannelId [main] -Dio.netty.machineId: 00:50:56:ff:fe:c0:00:08 (auto-detected) 
2019-12-02 22:47:00,922 DEBUG io.netty.util.internal.InternalThreadLocalMap [main] -Dio.netty.threadLocalMap.stringBuilder.initialSize: 1024 
2019-12-02 22:47:00,922 DEBUG io.netty.util.internal.InternalThreadLocalMap [main] -Dio.netty.threadLocalMap.stringBuilder.maxSize: 4096 
2019-12-02 22:47:00,929 DEBUG io.netty.util.ResourceLeakDetector [main] -Dio.netty.leakDetection.level: simple 
2019-12-02 22:47:00,929 DEBUG io.netty.util.ResourceLeakDetector [main] -Dio.netty.leakDetection.targetRecords: 4 
2019-12-02 22:47:00,949 DEBUG io.netty.buffer.PooledByteBufAllocator [main] -Dio.netty.allocator.numHeapArenas: 8 
2019-12-02 22:47:00,949 DEBUG io.netty.buffer.PooledByteBufAllocator [main] -Dio.netty.allocator.numDirectArenas: 8 
2019-12-02 22:47:00,949 DEBUG io.netty.buffer.PooledByteBufAllocator [main] -Dio.netty.allocator.pageSize: 8192 
2019-12-02 22:47:00,949 DEBUG io.netty.buffer.PooledByteBufAllocator [main] -Dio.netty.allocator.maxOrder: 11 
2019-12-02 22:47:00,949 DEBUG io.netty.buffer.PooledByteBufAllocator [main] -Dio.netty.allocator.chunkSize: 16777216 
2019-12-02 22:47:00,949 DEBUG io.netty.buffer.PooledByteBufAllocator [main] -Dio.netty.allocator.tinyCacheSize: 512 
2019-12-02 22:47:00,949 DEBUG io.netty.buffer.PooledByteBufAllocator [main] -Dio.netty.allocator.smallCacheSize: 256 
2019-12-02 22:47:00,949 DEBUG io.netty.buffer.PooledByteBufAllocator [main] -Dio.netty.allocator.normalCacheSize: 64 
2019-12-02 22:47:00,949 DEBUG io.netty.buffer.PooledByteBufAllocator [main] -Dio.netty.allocator.maxCachedBufferCapacity: 32768 
2019-12-02 22:47:00,949 DEBUG io.netty.buffer.PooledByteBufAllocator [main] -Dio.netty.allocator.cacheTrimInterval: 8192 
2019-12-02 22:47:00,950 DEBUG io.netty.buffer.PooledByteBufAllocator [main] -Dio.netty.allocator.useCacheForAllThreads: true 
2019-12-02 22:47:00,956 DEBUG io.netty.buffer.ByteBufUtil [main] -Dio.netty.allocator.type: pooled 
2019-12-02 22:47:00,957 DEBUG io.netty.buffer.ByteBufUtil [main] -Dio.netty.threadLocalDirectBufferSize: 0 
2019-12-02 22:47:00,957 DEBUG io.netty.buffer.ByteBufUtil [main] -Dio.netty.maxThreadLocalCharBufferSize: 16384 
2019-12-02 22:47:00,982 DEBUG io.netty.util.Recycler [nioEventLoopGroup-2-1] -Dio.netty.recycler.maxCapacityPerThread: 4096 
2019-12-02 22:47:00,982 DEBUG io.netty.util.Recycler [nioEventLoopGroup-2-1] -Dio.netty.recycler.maxSharedCapacityFactor: 2 
2019-12-02 22:47:00,982 DEBUG io.netty.util.Recycler [nioEventLoopGroup-2-1] -Dio.netty.recycler.linkCapacity: 16 
2019-12-02 22:47:00,982 DEBUG io.netty.util.Recycler [nioEventLoopGroup-2-1] -Dio.netty.recycler.ratio: 8 
2019-12-02 22:47:00,990 DEBUG io.netty.buffer.AbstractByteBuf [nioEventLoopGroup-2-1] -Dio.netty.buffer.checkAccessible: true 
2019-12-02 22:47:00,990 DEBUG io.netty.buffer.AbstractByteBuf [nioEventLoopGroup-2-1] -Dio.netty.buffer.checkBounds: true 
2019-12-02 22:47:00,991 DEBUG io.netty.util.ResourceLeakDetectorFactory [nioEventLoopGroup-2-1] Loaded default ResourceLeakDetector: io.netty.util.ResourceLeakDetector@698e2fd8 
2019-12-02 22:47:01,001 INFO model.server.ServerHandler [nioEventLoopGroup-2-3] Client with name ( client_Neytan ) is connected! 
2019-12-02 22:47:01,002 INFO model.server.ServerHandler [nioEventLoopGroup-2-3] Send string: "String 3" to: client_Neytan 
2019-12-02 22:47:01,002 INFO model.client.ClientHandler [nioEventLoopGroup-2-1] Send self name to server. 
2019-12-02 22:47:01,003 INFO model.client.ClientHandler [nioEventLoopGroup-2-1] client_Neytan got message "String 3" from server. 
2019-12-02 22:47:06,782 DEBUG io.netty.util.internal.logging.InternalLoggerFactory [main] Using SLF4J as the default logging framework 
2019-12-02 22:47:06,786 DEBUG io.netty.channel.MultithreadEventLoopGroup [main] -Dio.netty.eventLoopThreads: 8 
2019-12-02 22:47:06,816 DEBUG io.netty.channel.nio.NioEventLoop [main] -Dio.netty.noKeySetOptimization: false 
2019-12-02 22:47:06,816 DEBUG io.netty.channel.nio.NioEventLoop [main] -Dio.netty.selectorAutoRebuildThreshold: 512 
2019-12-02 22:47:06,833 DEBUG io.netty.util.internal.PlatformDependent [main] Platform: Windows 
2019-12-02 22:47:06,834 DEBUG io.netty.util.internal.PlatformDependent0 [main] -Dio.netty.noUnsafe: false 
2019-12-02 22:47:06,834 DEBUG io.netty.util.internal.PlatformDependent0 [main] Java version: 8 
2019-12-02 22:47:06,835 DEBUG io.netty.util.internal.PlatformDependent0 [main] sun.misc.Unsafe.theUnsafe: available 
2019-12-02 22:47:06,836 DEBUG io.netty.util.internal.PlatformDependent0 [main] sun.misc.Unsafe.copyMemory: available 
2019-12-02 22:47:06,836 DEBUG io.netty.util.internal.PlatformDependent0 [main] java.nio.Buffer.address: available 
2019-12-02 22:47:06,837 DEBUG io.netty.util.internal.PlatformDependent0 [main] direct buffer constructor: available 
2019-12-02 22:47:06,838 DEBUG io.netty.util.internal.PlatformDependent0 [main] java.nio.Bits.unaligned: available, true 
2019-12-02 22:47:06,838 DEBUG io.netty.util.internal.PlatformDependent0 [main] jdk.internal.misc.Unsafe.allocateUninitializedArray(int): unavailable prior to Java9 
2019-12-02 22:47:06,838 DEBUG io.netty.util.internal.PlatformDependent0 [main] java.nio.DirectByteBuffer.<init>(long, int): available 
2019-12-02 22:47:06,838 DEBUG io.netty.util.internal.PlatformDependent [main] sun.misc.Unsafe: available 
2019-12-02 22:47:06,838 DEBUG io.netty.util.internal.PlatformDependent [main] -Dio.netty.tmpdir: C:\Users\Asus\AppData\Local\Temp (java.io.tmpdir) 
2019-12-02 22:47:06,838 DEBUG io.netty.util.internal.PlatformDependent [main] -Dio.netty.bitMode: 64 (sun.arch.data.model) 
2019-12-02 22:47:06,839 DEBUG io.netty.util.internal.PlatformDependent [main] -Dio.netty.maxDirectMemory: 1883242496 bytes 
2019-12-02 22:47:06,840 DEBUG io.netty.util.internal.PlatformDependent [main] -Dio.netty.uninitializedArrayAllocationThreshold: -1 
2019-12-02 22:47:06,841 DEBUG io.netty.util.internal.CleanerJava6 [main] java.nio.ByteBuffer.cleaner(): available 
2019-12-02 22:47:06,841 DEBUG io.netty.util.internal.PlatformDependent [main] -Dio.netty.noPreferDirect: false 
2019-12-02 22:47:06,848 DEBUG io.netty.util.internal.PlatformDependent [main] org.jctools-core.MpscChunkedArrayQueue: available 
2019-12-02 22:47:07,240 TRACE io.netty.channel.nio.NioEventLoop [main] instrumented a special java.util.Set into: sun.nio.ch.WindowsSelectorImpl@2a70a3d8 
2019-12-02 22:47:07,241 TRACE io.netty.channel.nio.NioEventLoop [main] instrumented a special java.util.Set into: sun.nio.ch.WindowsSelectorImpl@17d0685f 
2019-12-02 22:47:07,242 TRACE io.netty.channel.nio.NioEventLoop [main] instrumented a special java.util.Set into: sun.nio.ch.WindowsSelectorImpl@3891771e 
2019-12-02 22:47:07,243 TRACE io.netty.channel.nio.NioEventLoop [main] instrumented a special java.util.Set into: sun.nio.ch.WindowsSelectorImpl@78ac1102 
2019-12-02 22:47:07,243 TRACE io.netty.channel.nio.NioEventLoop [main] instrumented a special java.util.Set into: sun.nio.ch.WindowsSelectorImpl@2de8284b 
2019-12-02 22:47:07,244 TRACE io.netty.channel.nio.NioEventLoop [main] instrumented a special java.util.Set into: sun.nio.ch.WindowsSelectorImpl@396e2f39 
2019-12-02 22:47:07,245 TRACE io.netty.channel.nio.NioEventLoop [main] instrumented a special java.util.Set into: sun.nio.ch.WindowsSelectorImpl@a74868d 
2019-12-02 22:47:07,246 TRACE io.netty.channel.nio.NioEventLoop [main] instrumented a special java.util.Set into: sun.nio.ch.WindowsSelectorImpl@12c8a2c0 
2019-12-02 22:47:07,268 DEBUG io.netty.channel.DefaultChannelId [main] -Dio.netty.processId: 20776 (auto-detected) 
2019-12-02 22:47:07,271 DEBUG io.netty.util.NetUtil [main] -Djava.net.preferIPv4Stack: false 
2019-12-02 22:47:07,271 DEBUG io.netty.util.NetUtil [main] -Djava.net.preferIPv6Addresses: false 
2019-12-02 22:47:07,721 DEBUG io.netty.util.NetUtil [main] Loopback interface: lo (Software Loopback Interface 1, 127.0.0.1) 
2019-12-02 22:47:07,721 DEBUG io.netty.util.NetUtil [main] Failed to get SOMAXCONN from sysctl and file \proc\sys\net\core\somaxconn. Default: 200 
2019-12-02 22:47:08,124 DEBUG io.netty.channel.DefaultChannelId [main] -Dio.netty.machineId: 00:50:56:ff:fe:c0:00:08 (auto-detected) 
2019-12-02 22:47:08,129 DEBUG io.netty.util.internal.InternalThreadLocalMap [main] -Dio.netty.threadLocalMap.stringBuilder.initialSize: 1024 
2019-12-02 22:47:08,129 DEBUG io.netty.util.internal.InternalThreadLocalMap [main] -Dio.netty.threadLocalMap.stringBuilder.maxSize: 4096 
2019-12-02 22:47:08,135 DEBUG io.netty.util.ResourceLeakDetector [main] -Dio.netty.leakDetection.level: simple 
2019-12-02 22:47:08,135 DEBUG io.netty.util.ResourceLeakDetector [main] -Dio.netty.leakDetection.targetRecords: 4 
2019-12-02 22:47:08,155 DEBUG io.netty.buffer.PooledByteBufAllocator [main] -Dio.netty.allocator.numHeapArenas: 8 
2019-12-02 22:47:08,156 DEBUG io.netty.buffer.PooledByteBufAllocator [main] -Dio.netty.allocator.numDirectArenas: 8 
2019-12-02 22:47:08,156 DEBUG io.netty.buffer.PooledByteBufAllocator [main] -Dio.netty.allocator.pageSize: 8192 
2019-12-02 22:47:08,156 DEBUG io.netty.buffer.PooledByteBufAllocator [main] -Dio.netty.allocator.maxOrder: 11 
2019-12-02 22:47:08,156 DEBUG io.netty.buffer.PooledByteBufAllocator [main] -Dio.netty.allocator.chunkSize: 16777216 
2019-12-02 22:47:08,156 DEBUG io.netty.buffer.PooledByteBufAllocator [main] -Dio.netty.allocator.tinyCacheSize: 512 
2019-12-02 22:47:08,156 DEBUG io.netty.buffer.PooledByteBufAllocator [main] -Dio.netty.allocator.smallCacheSize: 256 
2019-12-02 22:47:08,156 DEBUG io.netty.buffer.PooledByteBufAllocator [main] -Dio.netty.allocator.normalCacheSize: 64 
2019-12-02 22:47:08,156 DEBUG io.netty.buffer.PooledByteBufAllocator [main] -Dio.netty.allocator.maxCachedBufferCapacity: 32768 
2019-12-02 22:47:08,156 DEBUG io.netty.buffer.PooledByteBufAllocator [main] -Dio.netty.allocator.cacheTrimInterval: 8192 
2019-12-02 22:47:08,156 DEBUG io.netty.buffer.PooledByteBufAllocator [main] -Dio.netty.allocator.useCacheForAllThreads: true 
2019-12-02 22:47:08,163 DEBUG io.netty.buffer.ByteBufUtil [main] -Dio.netty.allocator.type: pooled 
2019-12-02 22:47:08,163 DEBUG io.netty.buffer.ByteBufUtil [main] -Dio.netty.threadLocalDirectBufferSize: 0 
2019-12-02 22:47:08,163 DEBUG io.netty.buffer.ByteBufUtil [main] -Dio.netty.maxThreadLocalCharBufferSize: 16384 
2019-12-02 22:47:08,208 DEBUG io.netty.util.Recycler [nioEventLoopGroup-2-1] -Dio.netty.recycler.maxCapacityPerThread: 4096 
2019-12-02 22:47:08,208 DEBUG io.netty.util.Recycler [nioEventLoopGroup-2-1] -Dio.netty.recycler.maxSharedCapacityFactor: 2 
2019-12-02 22:47:08,209 DEBUG io.netty.util.Recycler [nioEventLoopGroup-2-1] -Dio.netty.recycler.linkCapacity: 16 
2019-12-02 22:47:08,209 DEBUG io.netty.util.Recycler [nioEventLoopGroup-2-1] -Dio.netty.recycler.ratio: 8 
2019-12-02 22:47:08,216 DEBUG io.netty.buffer.AbstractByteBuf [nioEventLoopGroup-2-1] -Dio.netty.buffer.checkAccessible: true 
2019-12-02 22:47:08,216 DEBUG io.netty.buffer.AbstractByteBuf [nioEventLoopGroup-2-1] -Dio.netty.buffer.checkBounds: true 
2019-12-02 22:47:08,217 DEBUG io.netty.util.ResourceLeakDetectorFactory [nioEventLoopGroup-2-1] Loaded default ResourceLeakDetector: io.netty.util.ResourceLeakDetector@4e84430e 
2019-12-02 22:47:08,227 INFO model.server.ServerHandler [nioEventLoopGroup-2-4] Client with name ( client_Clark ) is connected! 
2019-12-02 22:47:08,229 INFO model.client.ClientHandler [nioEventLoopGroup-2-1] Send self name to server. 
2019-12-02 22:47:08,229 INFO model.server.ServerHandler [nioEventLoopGroup-2-4] Send string: "String 4" to: client_Clark 
2019-12-02 22:47:08,229 INFO model.client.ClientHandler [nioEventLoopGroup-2-1] client_Clark got message "String 4" from server. 
2019-12-02 22:47:22,867 INFO model.client.Client [main] client_Mary connected to server. 
2019-12-02 22:47:22,873 INFO model.client.Client [main] client_Neytan connected to server. 
2019-12-02 22:47:22,877 INFO model.client.Client [main] client_Clark connected to server. 
2019-12-02 22:47:25,077 DEBUG io.netty.buffer.PoolThreadCache [nioEventLoopGroup-2-1] Freed 3 thread-local buffer(s) from thread: nioEventLoopGroup-2-1 
2019-12-02 22:47:25,081 DEBUG io.netty.buffer.PoolThreadCache [nioEventLoopGroup-2-1] Freed 3 thread-local buffer(s) from thread: nioEventLoopGroup-2-1 
2019-12-02 22:47:25,084 DEBUG io.netty.buffer.PoolThreadCache [nioEventLoopGroup-2-1] Freed 3 thread-local buffer(s) from thread: nioEventLoopGroup-2-1 
